#
# There is insufficient memory for the Java Runtime Environment to continue.
# Native memory allocation (mmap) failed to map 266338304 bytes for Failed to commit area from 0x0000000702600000 to 0x0000000712400000 of length 266338304.
# Possible reasons:
#   The system is out of physical RAM or swap space
#   The process is running with CompressedOops enabled, and the Java Heap may be blocking the growth of the native heap
# Possible solutions:
#   Reduce memory load on the system
#   Increase physical memory or swap space
#   Check if swap backing store is full
#   Decrease Java heap size (-Xmx/-Xms)
#   Decrease number of Java threads
#   Decrease Java thread stack sizes (-Xss)
#   Set larger code cache with -XX:ReservedCodeCacheSize=
# This output file may be truncated or incomplete.
#
#  Out of Memory Error (./src/hotspot/os/windows/os_windows.cpp:3301), pid=12760, tid=23624
#
# JRE version:  (11.0.10+9) (build )
# Java VM: Dynamic Code Evolution 64-Bit Server VM (11.0.10+9-b1341.41, mixed mode, sharing, tiered, compressed oops, g1 gc, windows-amd64)
# No core dump will be written. Minidumps are not enabled by default on client versions of Windows
#

---------------  S U M M A R Y ------------

Command Line: org.jetbrains.git4idea.http.GitAskPassApp Username for 'https://git.fhict.nl': 

Host: Intel(R) Core(TM) i7-8750H CPU @ 2.20GHz, 12 cores, 15G,  Windows 10 , 64 bit Build 19041 (10.0.19041.1023)
Time: Tue Jun 15 19:01:37 2021 W. Europe Daylight Time elapsed time: 0.010687 seconds (0d 0h 0m 0s)

---------------  T H R E A D  ---------------

Current thread (0x000002f50dd1a800):  JavaThread "Unknown thread" [_thread_in_vm, id=23624, stack(0x000000f6ba100000,0x000000f6ba200000)]

Stack: [0x000000f6ba100000,0x000000f6ba200000]
Native frames: (J=compiled Java code, j=interpreted, Vv=VM code, C=native code)
V  [jvm.dll+0x5f84fa]
V  [jvm.dll+0x77e085]
V  [jvm.dll+0x77f5dd]
V  [jvm.dll+0x77fc93]
V  [jvm.dll+0x2457e8]
V  [jvm.dll+0x5f58f4]
V  [jvm.dll+0x5ea975]
V  [jvm.dll+0x30228b]
V  [jvm.dll+0x3021fa]
V  [jvm.dll+0x3020d2]
V  [jvm.dll+0x306fb6]
V  [jvm.dll+0x34f843]
V  [jvm.dll+0x34ff46]
V  [jvm.dll+0x34f943]
V  [jvm.dll+0x2dbcb8]
V  [jvm.dll+0x2dce57]
V  [jvm.dll+0x75c4d7]
V  [jvm.dll+0x75dd6c]
V  [jvm.dll+0x35cdb9]
V  [jvm.dll+0x73fc9e]
V  [jvm.dll+0x3c5663]
V  [jvm.dll+0x3c7a21]
C  [jli.dll+0x5373]
C  [ucrtbase.dll+0x21bb2]
C  [KERNEL32.DLL+0x17034]
C  [ntdll.dll+0x52651]


---------------  P R O C E S S  ---------------

Threads class SMR info:
_java_thread_list=0x000002f50ba74d00, length=0, elements={
}

Java Threads: ( => current thread )

Other Threads:
  0x000002f50dd30800 GCTaskThread "GC Thread#0" [stack: 0x000000f6ba200000,0x000000f6ba300000] [id=28684]
  0x000002f50dd97800 ConcurrentGCThread "G1 Main Marker" [stack: 0x000000f6ba300000,0x000000f6ba400000] [id=26548]
  0x000002f50dd98800 ConcurrentGCThread "G1 Conc#0" [stack: 0x000000f6ba400000,0x000000f6ba500000] [id=29036]

[error occurred during error reporting (printing all threads), id 0xc0000005, EXCEPTION_ACCESS_VIOLATION (0xc0000005) at pc=0x00007ffc67edc437]

VM state:not at safepoint (not fully initialized)

VM Mutex/Monitor currently owned by a thread:  ([mutex/lock_event])
[0x000002f50dd19a70] Heap_lock - owner thread: 0x000002f50dd1a800

Heap address: 0x0000000702600000, size: 4058 MB, Compressed Oops mode: Non-zero based: 0x0000000702600000
Narrow klass base: 0x0000000000000000, Narrow klass shift: 0

GC Heap History (0 events):
No events

Deoptimization events (0 events):
No events

Classes redefined (0 events):
No events

Internal exceptions (0 events):
No events

Events (1 events):
Event: 0.007 Loaded shared library D:\PhpStorm\PhpStorm 2020.3.3\jbr\bin\zip.dll


Dynamic libraries:
0x00007ff70f3d0000 - 0x00007ff70f3da000 	D:\PhpStorm\PhpStorm 2020.3.3\jbr\bin\java.exe
0x00007ffceedb0000 - 0x00007ffceefa5000 	C:\WINDOWS\SYSTEM32\ntdll.dll
0x00007ffceda50000 - 0x00007ffcedb0d000 	C:\WINDOWS\System32\KERNEL32.DLL
0x00007ffcec5f0000 - 0x00007ffcec8b8000 	C:\WINDOWS\System32\KERNELBASE.dll
0x00007ffcec4f0000 - 0x00007ffcec5f0000 	C:\WINDOWS\System32\ucrtbase.dll
0x00007ffcc16c0000 - 0x00007ffcc16d9000 	D:\PhpStorm\PhpStorm 2020.3.3\jbr\bin\jli.dll
0x00007ffcbaaa0000 - 0x00007ffcbaab7000 	D:\PhpStorm\PhpStorm 2020.3.3\jbr\bin\VCRUNTIME140.dll
0x00007ffceea80000 - 0x00007ffceec20000 	C:\WINDOWS\System32\USER32.dll
0x00007ffcecce0000 - 0x00007ffcecd02000 	C:\WINDOWS\System32\win32u.dll
0x00007ffceed40000 - 0x00007ffceed6a000 	C:\WINDOWS\System32\GDI32.dll
0x00007ffcd6f60000 - 0x00007ffcd71fa000 	C:\WINDOWS\WinSxS\amd64_microsoft.windows.common-controls_6595b64144ccf1df_6.0.19041.1052_none_60b8f8fd71f5e8cb\COMCTL32.dll
0x00007ffcecd10000 - 0x00007ffcece1b000 	C:\WINDOWS\System32\gdi32full.dll
0x00007ffced9b0000 - 0x00007ffceda4e000 	C:\WINDOWS\System32\msvcrt.dll
0x00007ffcec970000 - 0x00007ffceca0d000 	C:\WINDOWS\System32\msvcp_win.dll
0x00007ffcede40000 - 0x00007ffcede70000 	C:\WINDOWS\System32\IMM32.DLL
0x00007ffcaa730000 - 0x00007ffcaa7cd000 	D:\PhpStorm\PhpStorm 2020.3.3\jbr\bin\msvcp140.dll
0x00007ffc67bf0000 - 0x00007ffc6873f000 	D:\PhpStorm\PhpStorm 2020.3.3\jbr\bin\server\jvm.dll
0x00007ffceec20000 - 0x00007ffceeccc000 	C:\WINDOWS\System32\ADVAPI32.dll
0x00007ffcee7d0000 - 0x00007ffcee86b000 	C:\WINDOWS\System32\sechost.dll
0x00007ffcedbc0000 - 0x00007ffcedceb000 	C:\WINDOWS\System32\RPCRT4.dll
0x00007ffced2c0000 - 0x00007ffced2c8000 	C:\WINDOWS\System32\PSAPI.DLL
0x00007ffcd06c0000 - 0x00007ffcd06c9000 	C:\WINDOWS\SYSTEM32\WSOCK32.dll
0x00007ffcd89d0000 - 0x00007ffcd89f7000 	C:\WINDOWS\SYSTEM32\WINMM.dll
0x00007ffce5f70000 - 0x00007ffce5f7a000 	C:\WINDOWS\SYSTEM32\VERSION.dll
0x00007ffceddd0000 - 0x00007ffcede3b000 	C:\WINDOWS\System32\WS2_32.dll
0x00007ffceadb0000 - 0x00007ffceadc2000 	C:\WINDOWS\SYSTEM32\kernel.appcore.dll
0x00007ffcd83c0000 - 0x00007ffcd83d1000 	D:\PhpStorm\PhpStorm 2020.3.3\jbr\bin\verify.dll
0x00007ffce3370000 - 0x00007ffce3554000 	C:\WINDOWS\SYSTEM32\DBGHELP.DLL
0x00007ffcd3550000 - 0x00007ffcd357c000 	C:\WINDOWS\SYSTEM32\dbgcore.DLL
0x00007ffceca70000 - 0x00007ffcecaf3000 	C:\WINDOWS\System32\bcryptPrimitives.dll
0x00007ffcd4540000 - 0x00007ffcd4569000 	D:\PhpStorm\PhpStorm 2020.3.3\jbr\bin\java.dll
0x00007ffcd82b0000 - 0x00007ffcd82bb000 	D:\PhpStorm\PhpStorm 2020.3.3\jbr\bin\jimage.dll
0x00007ffcd8210000 - 0x00007ffcd8228000 	D:\PhpStorm\PhpStorm 2020.3.3\jbr\bin\zip.dll

dbghelp: loaded successfully - version: 4.0.5 - missing functions: none
symbol engine: initialized successfully - sym options: 0x614 - pdb path: .;D:\PhpStorm\PhpStorm 2020.3.3\jbr\bin;C:\WINDOWS\SYSTEM32;C:\WINDOWS\WinSxS\amd64_microsoft.windows.common-controls_6595b64144ccf1df_6.0.19041.1052_none_60b8f8fd71f5e8cb;D:\PhpStorm\PhpStorm 2020.3.3\jbr\bin\server

VM Arguments:
java_command: org.jetbrains.git4idea.http.GitAskPassApp Username for 'https://git.fhict.nl': 
java_class_path (initial): D:/PhpStorm/PhpStorm 2020.3.3/plugins/git4idea/lib/git4idea-rt.jar;D:/PhpStorm/PhpStorm 2020.3.3/lib/xmlrpc-2.0.1.jar;D:/PhpStorm/PhpStorm 2020.3.3/lib/commons-codec-1.15.jar
Launcher Type: SUN_STANDARD

[Global flags]
     intx CICompilerCount                          = 4                                         {product} {ergonomic}
     uint ConcGCThreads                            = 3                                         {product} {ergonomic}
     uint G1ConcRefinementThreads                  = 10                                        {product} {ergonomic}
   size_t G1HeapRegionSize                         = 1048576                                   {product} {ergonomic}
    uintx GCDrainStackTargetSize                   = 64                                        {product} {ergonomic}
   size_t InitialHeapSize                          = 266338304                                 {product} {ergonomic}
   size_t MarkStackSize                            = 4194304                                   {product} {ergonomic}
   size_t MaxHeapSize                              = 4255121408                                {product} {ergonomic}
   size_t MinHeapDeltaBytes                        = 1048576                                   {product} {ergonomic}
    uintx NonNMethodCodeHeapSize                   = 5836300                                {pd product} {ergonomic}
    uintx NonProfiledCodeHeapSize                  = 122910970                              {pd product} {ergonomic}
    uintx ProfiledCodeHeapSize                     = 122910970                              {pd product} {ergonomic}
    uintx ReservedCodeCacheSize                    = 251658240                              {pd product} {ergonomic}
     bool SegmentedCodeCache                       = true                                      {product} {ergonomic}
     bool UseCompressedClassPointers               = true                                 {lp64_product} {ergonomic}
     bool UseCompressedOops                        = true                                 {lp64_product} {ergonomic}
     bool UseG1GC                                  = true                                      {product} {ergonomic}
     bool UseLargePagesIndividualAllocation        = false                                  {pd product} {ergonomic}

Logging:
Log output configuration:
 #0: stdout all=warning uptime,level,tags
 #1: stderr all=off uptime,level,tags

Environment Variables:
PATH=C:/Program Files/Git/mingw64/libexec/git-core;C:/Program Files/Git/mingw64/libexec/git-core;C:\Program Files\Git\mingw64\bin;C:\Program Files\Git\usr\bin;C:\Users\mitko\bin;C:\WINDOWS\system32;C:\WINDOWS;C:\WINDOWS\System32\Wbem;C:\WINDOWS\System32\WindowsPowerShell\v1.0\;C:\Program Files\Java\jdk-14.0.1\bin;C:\Program Files\NVIDIA Corporation\NVIDIA NvDLISR;C:\Program Files\Microsoft SQL Server\Client SDK\ODBC\170\Tools\Binn\;C:\Program Files (x86)\Microsoft SQL Server\150\Tools\Binn\;C:\Program Files\Microsoft SQL Server\150\Tools\Binn\;C:\Program Files\Microsoft SQL Server\150\DTS\Binn\;C:\Program Files (x86)\Microsoft SQL Server\150\DTS\Binn\;C:\Program Files\Git\cmd;C:\Program Files\dotnet\;C:\Users\mitko\AppData\Local\Microsoft\WindowsApps;C:\Program Files\JetBrains\IntelliJ IDEA Community Edition 2020.1.2\bin;C:\Users\mitko\.dotnet\tools;C:\Users\mitko\.dotnet\tools;C:\Users\mitko\AppData\Local\Programs\Microsoft VS Code\bin;C:\Users\mitko\spicetify-cli
USERNAME=mitko
DISPLAY=:0.0
LC_ALL=en_US.UTF-8
OS=Windows_NT
PROCESSOR_IDENTIFIER=Intel64 Family 6 Model 158 Stepping 10, GenuineIntel



---------------  S Y S T E M  ---------------

OS: Windows 10 , 64 bit Build 19041 (10.0.19041.1023)
OS uptime: 1 days 22:31 hours

CPU:total 12 (initial active 12) (6 cores per cpu, 2 threads per core) family 6 model 158 stepping 10 microcode 0xde, cmov, cx8, fxsr, mmx, sse, sse2, sse3, ssse3, sse4.1, sse4.2, popcnt, avx, avx2, aes, clmul, erms, 3dnowpref, lzcnt, ht, tsc, tscinvbit, bmi1, bmi2, adx, fma

Memory: 4k page, system-wide physical 16228M (3510M free)
TotalPageFile size 25990M (AvailPageFile size 200M)
current process WorkingSet (physical memory assigned to process): 10M, peak: 10M
current process commit charge ("private bytes"): 64M, peak: 318M

vm_info: Dynamic Code Evolution 64-Bit Server VM (11.0.10+9-b1341.41) for windows-amd64 JRE (11.0.10+9-b1341.41), built on Apr 17 2021 07:18:15 by "" with MS VC++ 14.0 (VS2015)

END.
